<?xml version="1.0" encoding="UTF-8" standalone="yes"?>
<Root><Root>Test   Modification 1</Root><Article>toto tutu tata</Article><Article>Changement de titre</Article></Root>
