<?xml version="1.0" encoding="UTF-8" standalone="yes"?>
<Root><Root>Test   Modification 1</Root><Article><Paragraphe>Un paragraphe de grand cru</Paragraphe></Article><Article><Titre>C'est un autre titre</Titre></Article><Titre></Titre><Paragraphe></Paragraphe></Root>
